

Microchip MPLAB XC8 Assembler V2.05 build -831301201 
                                                                                               Tue Sep 08 17:54:47 2020

Microchip MPLAB XC8 C Compiler v2.05 (Free license) build 20181220022703 Og1 
     1                           	processor	16F1938
     2                           	opt	pw 120
     3                           	opt	flic
     4                           	psect	cinit,global,class=CODE,merge=1,delta=2
     5                           	psect	cstackCOMMON,global,class=COMMON,space=1,delta=1
     6                           	psect	maintext,global,class=CODE,merge=1,split=1,delta=2
     7                           	psect	text1,local,class=CODE,merge=1,delta=2
     8                           	psect	text2,local,class=CODE,merge=1,delta=2
     9                           	psect	text3,local,class=CODE,merge=1,delta=2
    10                           	psect	text4,local,class=CODE,merge=1,delta=2
    11                           	dabs	1,0x7E,2
    12  0000                     
    13                           ; Version 2.05
    14                           ; Generated 20/12/2018 GMT
    15                           ; 
    16                           ; Copyright © 2018, Microchip Technology Inc. and its subsidiaries ("Microchip")
    17                           ; All rights reserved.
    18                           ; 
    19                           ; This software is developed by Microchip Technology Inc. and its subsidiaries ("Microch
      +                          ip").
    20                           ; 
    21                           ; Redistribution and use in source and binary forms, with or without modification, are
    22                           ; permitted provided that the following conditions are met:
    23                           ; 
    24                           ;     1. Redistributions of source code must retain the above copyright notice, this lis
      +                          t of
    25                           ;        conditions and the following disclaimer.
    26                           ; 
    27                           ;     2. Redistributions in binary form must reproduce the above copyright notice, this 
      +                          list
    28                           ;        of conditions and the following disclaimer in the documentation and/or other
    29                           ;        materials provided with the distribution.
    30                           ; 
    31                           ;     3. Microchip's name may not be used to endorse or promote products derived from th
      +                          is
    32                           ;        software without specific prior written permission.
    33                           ; 
    34                           ; THIS SOFTWARE IS PROVIDED BY MICROCHIP "AS IS" AND ANY EXPRESS OR IMPLIED WARRANTIES,
    35                           ; INCLUDING, BUT NOT LIMITED TO, THE IMPLIED WARRANTIES OF MERCHANTABILITY AND FITNESS F
      +                          OR
    36                           ; PURPOSE ARE DISCLAIMED.  IN NO EVENT SHALL MICROCHIP BE LIABLE FOR ANY DIRECT, INDIREC
      +                          T,
    37                           ; INCIDENTAL, SPECIAL, EXEMPLARY, OR CONSEQUENTIAL DAMAGES (INCLUDING BUT NOT LIMITED TO
    38                           ; PROCUREMENT OF SUBSTITUTE GOODS OR SERVICES; LOSS OF USE, DATA OR PROFITS; OR BUSINESS
    39                           ; INTERRUPTION) HOWSOEVER CAUSED AND ON ANY THEORY OF LIABILITY, WHETHER IN CONTRACT, ST
      +                          RICT
    40                           ; LIABILITY, OR TORT (INCLUDING NEGLIGENCE OR OTHERWISE) ARISING IN ANY WAY OUT OF THE U
      +                          SE OF
    41                           ; THIS SOFTWARE, EVEN IF ADVISED OF THE POSSIBILITY OF SUCH DAMAGE.
    42                           ; 
    43                           ; 
    44                           ; Code-generator required, PIC16F1938 Definitions
    45                           ; 
    46                           ; SFR Addresses
    47  0000                     	;# 
    48  0001                     	;# 
    49  0002                     	;# 
    50  0003                     	;# 
    51  0004                     	;# 
    52  0005                     	;# 
    53  0006                     	;# 
    54  0007                     	;# 
    55  0008                     	;# 
    56  0009                     	;# 
    57  000A                     	;# 
    58  000B                     	;# 
    59  000C                     	;# 
    60  000D                     	;# 
    61  000E                     	;# 
    62  0010                     	;# 
    63  0011                     	;# 
    64  0012                     	;# 
    65  0013                     	;# 
    66  0015                     	;# 
    67  0016                     	;# 
    68  0016                     	;# 
    69  0017                     	;# 
    70  0018                     	;# 
    71  0019                     	;# 
    72  001A                     	;# 
    73  001B                     	;# 
    74  001C                     	;# 
    75  001E                     	;# 
    76  001F                     	;# 
    77  008C                     	;# 
    78  008D                     	;# 
    79  008E                     	;# 
    80  0090                     	;# 
    81  0091                     	;# 
    82  0092                     	;# 
    83  0093                     	;# 
    84  0095                     	;# 
    85  0096                     	;# 
    86  0097                     	;# 
    87  0098                     	;# 
    88  0099                     	;# 
    89  009A                     	;# 
    90  009B                     	;# 
    91  009B                     	;# 
    92  009C                     	;# 
    93  009D                     	;# 
    94  009E                     	;# 
    95  010C                     	;# 
    96  010D                     	;# 
    97  010E                     	;# 
    98  0110                     	;# 
    99  0111                     	;# 
   100  0112                     	;# 
   101  0113                     	;# 
   102  0114                     	;# 
   103  0115                     	;# 
   104  0116                     	;# 
   105  0117                     	;# 
   106  0118                     	;# 
   107  0119                     	;# 
   108  011A                     	;# 
   109  011B                     	;# 
   110  011D                     	;# 
   111  018C                     	;# 
   112  018D                     	;# 
   113  0191                     	;# 
   114  0191                     	;# 
   115  0192                     	;# 
   116  0193                     	;# 
   117  0193                     	;# 
   118  0193                     	;# 
   119  0194                     	;# 
   120  0195                     	;# 
   121  0196                     	;# 
   122  0199                     	;# 
   123  019A                     	;# 
   124  019B                     	;# 
   125  019B                     	;# 
   126  019B                     	;# 
   127  019B                     	;# 
   128  019C                     	;# 
   129  019C                     	;# 
   130  019D                     	;# 
   131  019E                     	;# 
   132  019F                     	;# 
   133  020D                     	;# 
   134  0210                     	;# 
   135  0211                     	;# 
   136  0212                     	;# 
   137  0213                     	;# 
   138  0214                     	;# 
   139  0215                     	;# 
   140  0215                     	;# 
   141  0216                     	;# 
   142  0217                     	;# 
   143  0291                     	;# 
   144  0291                     	;# 
   145  0292                     	;# 
   146  0293                     	;# 
   147  0294                     	;# 
   148  0295                     	;# 
   149  0295                     	;# 
   150  0296                     	;# 
   151  0298                     	;# 
   152  0298                     	;# 
   153  0299                     	;# 
   154  029A                     	;# 
   155  029B                     	;# 
   156  029C                     	;# 
   157  029C                     	;# 
   158  029D                     	;# 
   159  029E                     	;# 
   160  029F                     	;# 
   161  0311                     	;# 
   162  0311                     	;# 
   163  0312                     	;# 
   164  0313                     	;# 
   165  0314                     	;# 
   166  0315                     	;# 
   167  0315                     	;# 
   168  0316                     	;# 
   169  0318                     	;# 
   170  0318                     	;# 
   171  0319                     	;# 
   172  031A                     	;# 
   173  031C                     	;# 
   174  031C                     	;# 
   175  031D                     	;# 
   176  031E                     	;# 
   177  0394                     	;# 
   178  0395                     	;# 
   179  0396                     	;# 
   180  0415                     	;# 
   181  0416                     	;# 
   182  0417                     	;# 
   183  041C                     	;# 
   184  041D                     	;# 
   185  041E                     	;# 
   186  0791                     	;# 
   187  0792                     	;# 
   188  0793                     	;# 
   189  0794                     	;# 
   190  0795                     	;# 
   191  0798                     	;# 
   192  0799                     	;# 
   193  07A0                     	;# 
   194  07A1                     	;# 
   195  07A3                     	;# 
   196  07A4                     	;# 
   197  07A6                     	;# 
   198  07A7                     	;# 
   199  07A9                     	;# 
   200  07AA                     	;# 
   201  0FE4                     	;# 
   202  0FE5                     	;# 
   203  0FE6                     	;# 
   204  0FE7                     	;# 
   205  0FE8                     	;# 
   206  0FE9                     	;# 
   207  0FEA                     	;# 
   208  0FEB                     	;# 
   209  0FED                     	;# 
   210  0FEE                     	;# 
   211  0FEF                     	;# 
   212  0000                     	;# 
   213  0001                     	;# 
   214  0002                     	;# 
   215  0003                     	;# 
   216  0004                     	;# 
   217  0005                     	;# 
   218  0006                     	;# 
   219  0007                     	;# 
   220  0008                     	;# 
   221  0009                     	;# 
   222  000A                     	;# 
   223  000B                     	;# 
   224  000C                     	;# 
   225  000D                     	;# 
   226  000E                     	;# 
   227  0010                     	;# 
   228  0011                     	;# 
   229  0012                     	;# 
   230  0013                     	;# 
   231  0015                     	;# 
   232  0016                     	;# 
   233  0016                     	;# 
   234  0017                     	;# 
   235  0018                     	;# 
   236  0019                     	;# 
   237  001A                     	;# 
   238  001B                     	;# 
   239  001C                     	;# 
   240  001E                     	;# 
   241  001F                     	;# 
   242  008C                     	;# 
   243  008D                     	;# 
   244  008E                     	;# 
   245  0090                     	;# 
   246  0091                     	;# 
   247  0092                     	;# 
   248  0093                     	;# 
   249  0095                     	;# 
   250  0096                     	;# 
   251  0097                     	;# 
   252  0098                     	;# 
   253  0099                     	;# 
   254  009A                     	;# 
   255  009B                     	;# 
   256  009B                     	;# 
   257  009C                     	;# 
   258  009D                     	;# 
   259  009E                     	;# 
   260  010C                     	;# 
   261  010D                     	;# 
   262  010E                     	;# 
   263  0110                     	;# 
   264  0111                     	;# 
   265  0112                     	;# 
   266  0113                     	;# 
   267  0114                     	;# 
   268  0115                     	;# 
   269  0116                     	;# 
   270  0117                     	;# 
   271  0118                     	;# 
   272  0119                     	;# 
   273  011A                     	;# 
   274  011B                     	;# 
   275  011D                     	;# 
   276  018C                     	;# 
   277  018D                     	;# 
   278  0191                     	;# 
   279  0191                     	;# 
   280  0192                     	;# 
   281  0193                     	;# 
   282  0193                     	;# 
   283  0193                     	;# 
   284  0194                     	;# 
   285  0195                     	;# 
   286  0196                     	;# 
   287  0199                     	;# 
   288  019A                     	;# 
   289  019B                     	;# 
   290  019B                     	;# 
   291  019B                     	;# 
   292  019B                     	;# 
   293  019C                     	;# 
   294  019C                     	;# 
   295  019D                     	;# 
   296  019E                     	;# 
   297  019F                     	;# 
   298  020D                     	;# 
   299  0210                     	;# 
   300  0211                     	;# 
   301  0212                     	;# 
   302  0213                     	;# 
   303  0214                     	;# 
   304  0215                     	;# 
   305  0215                     	;# 
   306  0216                     	;# 
   307  0217                     	;# 
   308  0291                     	;# 
   309  0291                     	;# 
   310  0292                     	;# 
   311  0293                     	;# 
   312  0294                     	;# 
   313  0295                     	;# 
   314  0295                     	;# 
   315  0296                     	;# 
   316  0298                     	;# 
   317  0298                     	;# 
   318  0299                     	;# 
   319  029A                     	;# 
   320  029B                     	;# 
   321  029C                     	;# 
   322  029C                     	;# 
   323  029D                     	;# 
   324  029E                     	;# 
   325  029F                     	;# 
   326  0311                     	;# 
   327  0311                     	;# 
   328  0312                     	;# 
   329  0313                     	;# 
   330  0314                     	;# 
   331  0315                     	;# 
   332  0315                     	;# 
   333  0316                     	;# 
   334  0318                     	;# 
   335  0318                     	;# 
   336  0319                     	;# 
   337  031A                     	;# 
   338  031C                     	;# 
   339  031C                     	;# 
   340  031D                     	;# 
   341  031E                     	;# 
   342  0394                     	;# 
   343  0395                     	;# 
   344  0396                     	;# 
   345  0415                     	;# 
   346  0416                     	;# 
   347  0417                     	;# 
   348  041C                     	;# 
   349  041D                     	;# 
   350  041E                     	;# 
   351  0791                     	;# 
   352  0792                     	;# 
   353  0793                     	;# 
   354  0794                     	;# 
   355  0795                     	;# 
   356  0798                     	;# 
   357  0799                     	;# 
   358  07A0                     	;# 
   359  07A1                     	;# 
   360  07A3                     	;# 
   361  07A4                     	;# 
   362  07A6                     	;# 
   363  07A7                     	;# 
   364  07A9                     	;# 
   365  07AA                     	;# 
   366  0FE4                     	;# 
   367  0FE5                     	;# 
   368  0FE6                     	;# 
   369  0FE7                     	;# 
   370  0FE8                     	;# 
   371  0FE9                     	;# 
   372  0FEA                     	;# 
   373  0FEB                     	;# 
   374  0FED                     	;# 
   375  0FEE                     	;# 
   376  0FEF                     	;# 
   377  0000                     	;# 
   378  0001                     	;# 
   379  0002                     	;# 
   380  0003                     	;# 
   381  0004                     	;# 
   382  0005                     	;# 
   383  0006                     	;# 
   384  0007                     	;# 
   385  0008                     	;# 
   386  0009                     	;# 
   387  000A                     	;# 
   388  000B                     	;# 
   389  000C                     	;# 
   390  000D                     	;# 
   391  000E                     	;# 
   392  0010                     	;# 
   393  0011                     	;# 
   394  0012                     	;# 
   395  0013                     	;# 
   396  0015                     	;# 
   397  0016                     	;# 
   398  0016                     	;# 
   399  0017                     	;# 
   400  0018                     	;# 
   401  0019                     	;# 
   402  001A                     	;# 
   403  001B                     	;# 
   404  001C                     	;# 
   405  001E                     	;# 
   406  001F                     	;# 
   407  008C                     	;# 
   408  008D                     	;# 
   409  008E                     	;# 
   410  0090                     	;# 
   411  0091                     	;# 
   412  0092                     	;# 
   413  0093                     	;# 
   414  0095                     	;# 
   415  0096                     	;# 
   416  0097                     	;# 
   417  0098                     	;# 
   418  0099                     	;# 
   419  009A                     	;# 
   420  009B                     	;# 
   421  009B                     	;# 
   422  009C                     	;# 
   423  009D                     	;# 
   424  009E                     	;# 
   425  010C                     	;# 
   426  010D                     	;# 
   427  010E                     	;# 
   428  0110                     	;# 
   429  0111                     	;# 
   430  0112                     	;# 
   431  0113                     	;# 
   432  0114                     	;# 
   433  0115                     	;# 
   434  0116                     	;# 
   435  0117                     	;# 
   436  0118                     	;# 
   437  0119                     	;# 
   438  011A                     	;# 
   439  011B                     	;# 
   440  011D                     	;# 
   441  018C                     	;# 
   442  018D                     	;# 
   443  0191                     	;# 
   444  0191                     	;# 
   445  0192                     	;# 
   446  0193                     	;# 
   447  0193                     	;# 
   448  0193                     	;# 
   449  0194                     	;# 
   450  0195                     	;# 
   451  0196                     	;# 
   452  0199                     	;# 
   453  019A                     	;# 
   454  019B                     	;# 
   455  019B                     	;# 
   456  019B                     	;# 
   457  019B                     	;# 
   458  019C                     	;# 
   459  019C                     	;# 
   460  019D                     	;# 
   461  019E                     	;# 
   462  019F                     	;# 
   463  020D                     	;# 
   464  0210                     	;# 
   465  0211                     	;# 
   466  0212                     	;# 
   467  0213                     	;# 
   468  0214                     	;# 
   469  0215                     	;# 
   470  0215                     	;# 
   471  0216                     	;# 
   472  0217                     	;# 
   473  0291                     	;# 
   474  0291                     	;# 
   475  0292                     	;# 
   476  0293                     	;# 
   477  0294                     	;# 
   478  0295                     	;# 
   479  0295                     	;# 
   480  0296                     	;# 
   481  0298                     	;# 
   482  0298                     	;# 
   483  0299                     	;# 
   484  029A                     	;# 
   485  029B                     	;# 
   486  029C                     	;# 
   487  029C                     	;# 
   488  029D                     	;# 
   489  029E                     	;# 
   490  029F                     	;# 
   491  0311                     	;# 
   492  0311                     	;# 
   493  0312                     	;# 
   494  0313                     	;# 
   495  0314                     	;# 
   496  0315                     	;# 
   497  0315                     	;# 
   498  0316                     	;# 
   499  0318                     	;# 
   500  0318                     	;# 
   501  0319                     	;# 
   502  031A                     	;# 
   503  031C                     	;# 
   504  031C                     	;# 
   505  031D                     	;# 
   506  031E                     	;# 
   507  0394                     	;# 
   508  0395                     	;# 
   509  0396                     	;# 
   510  0415                     	;# 
   511  0416                     	;# 
   512  0417                     	;# 
   513  041C                     	;# 
   514  041D                     	;# 
   515  041E                     	;# 
   516  0791                     	;# 
   517  0792                     	;# 
   518  0793                     	;# 
   519  0794                     	;# 
   520  0795                     	;# 
   521  0798                     	;# 
   522  0799                     	;# 
   523  07A0                     	;# 
   524  07A1                     	;# 
   525  07A3                     	;# 
   526  07A4                     	;# 
   527  07A6                     	;# 
   528  07A7                     	;# 
   529  07A9                     	;# 
   530  07AA                     	;# 
   531  0FE4                     	;# 
   532  0FE5                     	;# 
   533  0FE6                     	;# 
   534  0FE7                     	;# 
   535  0FE8                     	;# 
   536  0FE9                     	;# 
   537  0FEA                     	;# 
   538  0FEB                     	;# 
   539  0FED                     	;# 
   540  0FEE                     	;# 
   541  0FEF                     	;# 
   542  0000                     	;# 
   543  0001                     	;# 
   544  0002                     	;# 
   545  0003                     	;# 
   546  0004                     	;# 
   547  0005                     	;# 
   548  0006                     	;# 
   549  0007                     	;# 
   550  0008                     	;# 
   551  0009                     	;# 
   552  000A                     	;# 
   553  000B                     	;# 
   554  000C                     	;# 
   555  000D                     	;# 
   556  000E                     	;# 
   557  0010                     	;# 
   558  0011                     	;# 
   559  0012                     	;# 
   560  0013                     	;# 
   561  0015                     	;# 
   562  0016                     	;# 
   563  0016                     	;# 
   564  0017                     	;# 
   565  0018                     	;# 
   566  0019                     	;# 
   567  001A                     	;# 
   568  001B                     	;# 
   569  001C                     	;# 
   570  001E                     	;# 
   571  001F                     	;# 
   572  008C                     	;# 
   573  008D                     	;# 
   574  008E                     	;# 
   575  0090                     	;# 
   576  0091                     	;# 
   577  0092                     	;# 
   578  0093                     	;# 
   579  0095                     	;# 
   580  0096                     	;# 
   581  0097                     	;# 
   582  0098                     	;# 
   583  0099                     	;# 
   584  009A                     	;# 
   585  009B                     	;# 
   586  009B                     	;# 
   587  009C                     	;# 
   588  009D                     	;# 
   589  009E                     	;# 
   590  010C                     	;# 
   591  010D                     	;# 
   592  010E                     	;# 
   593  0110                     	;# 
   594  0111                     	;# 
   595  0112                     	;# 
   596  0113                     	;# 
   597  0114                     	;# 
   598  0115                     	;# 
   599  0116                     	;# 
   600  0117                     	;# 
   601  0118                     	;# 
   602  0119                     	;# 
   603  011A                     	;# 
   604  011B                     	;# 
   605  011D                     	;# 
   606  018C                     	;# 
   607  018D                     	;# 
   608  0191                     	;# 
   609  0191                     	;# 
   610  0192                     	;# 
   611  0193                     	;# 
   612  0193                     	;# 
   613  0193                     	;# 
   614  0194                     	;# 
   615  0195                     	;# 
   616  0196                     	;# 
   617  0199                     	;# 
   618  019A                     	;# 
   619  019B                     	;# 
   620  019B                     	;# 
   621  019B                     	;# 
   622  019B                     	;# 
   623  019C                     	;# 
   624  019C                     	;# 
   625  019D                     	;# 
   626  019E                     	;# 
   627  019F                     	;# 
   628  020D                     	;# 
   629  0210                     	;# 
   630  0211                     	;# 
   631  0212                     	;# 
   632  0213                     	;# 
   633  0214                     	;# 
   634  0215                     	;# 
   635  0215                     	;# 
   636  0216                     	;# 
   637  0217                     	;# 
   638  0291                     	;# 
   639  0291                     	;# 
   640  0292                     	;# 
   641  0293                     	;# 
   642  0294                     	;# 
   643  0295                     	;# 
   644  0295                     	;# 
   645  0296                     	;# 
   646  0298                     	;# 
   647  0298                     	;# 
   648  0299                     	;# 
   649  029A                     	;# 
   650  029B                     	;# 
   651  029C                     	;# 
   652  029C                     	;# 
   653  029D                     	;# 
   654  029E                     	;# 
   655  029F                     	;# 
   656  0311                     	;# 
   657  0311                     	;# 
   658  0312                     	;# 
   659  0313                     	;# 
   660  0314                     	;# 
   661  0315                     	;# 
   662  0315                     	;# 
   663  0316                     	;# 
   664  0318                     	;# 
   665  0318                     	;# 
   666  0319                     	;# 
   667  031A                     	;# 
   668  031C                     	;# 
   669  031C                     	;# 
   670  031D                     	;# 
   671  031E                     	;# 
   672  0394                     	;# 
   673  0395                     	;# 
   674  0396                     	;# 
   675  0415                     	;# 
   676  0416                     	;# 
   677  0417                     	;# 
   678  041C                     	;# 
   679  041D                     	;# 
   680  041E                     	;# 
   681  0791                     	;# 
   682  0792                     	;# 
   683  0793                     	;# 
   684  0794                     	;# 
   685  0795                     	;# 
   686  0798                     	;# 
   687  0799                     	;# 
   688  07A0                     	;# 
   689  07A1                     	;# 
   690  07A3                     	;# 
   691  07A4                     	;# 
   692  07A6                     	;# 
   693  07A7                     	;# 
   694  07A9                     	;# 
   695  07AA                     	;# 
   696  0FE4                     	;# 
   697  0FE5                     	;# 
   698  0FE6                     	;# 
   699  0FE7                     	;# 
   700  0FE8                     	;# 
   701  0FE9                     	;# 
   702  0FEA                     	;# 
   703  0FEB                     	;# 
   704  0FED                     	;# 
   705  0FEE                     	;# 
   706  0FEF                     	;# 
   707  0095                     _OPTION_REGbits	set	149
   708  008E                     _TRISC	set	142
   709  008D                     _TRISB	set	141
   710  008C                     _TRISA	set	140
   711  0090                     _TRISE	set	144
   712  0097                     _WDTCON	set	151
   713  0098                     _OSCTUNE	set	152
   714  0099                     _OSCCON	set	153
   715  04D6                     _PLLR	set	1238
   716  010D                     _LATBbits	set	269
   717  011D                     _APFCON	set	285
   718  010E                     _LATC	set	270
   719  010D                     _LATB	set	269
   720  010C                     _LATA	set	268
   721  0110                     _LATE	set	272
   722  0116                     _BORCON	set	278
   723  018C                     _ANSELA	set	396
   724  018D                     _ANSELB	set	397
   725  020D                     _WPUB	set	525
   726  0210                     _WPUE	set	528
   727                           
   728                           ; #config settings
   729  0000                     
   730                           	psect	cinit
   731  07FD                     start_initialization:	
   732  07FD                     __initialization:	
   733  07FD                     end_of_initialization:	
   734                           ;End of C runtime variable initialization code
   735                           
   736  07FD                     __end_of__initialization:	
   737  07FD  0020               	movlb	0
   738  07FE  3187  2FE2         	ljmp	_main	;jump to C main() function
   739                           
   740                           	psect	cstackCOMMON
   741  0070                     __pcstackCOMMON:	
   742  0070                     ?_PIN_MANAGER_Initialize:	
   743  0070                     ??_PIN_MANAGER_Initialize:	
   744                           ; 1 bytes @ 0x0
   745                           
   746  0070                     ?_OSCILLATOR_Initialize:	
   747                           ; 1 bytes @ 0x0
   748                           
   749  0070                     ??_OSCILLATOR_Initialize:	
   750                           ; 1 bytes @ 0x0
   751                           
   752  0070                     ?_WDT_Initialize:	
   753                           ; 1 bytes @ 0x0
   754                           
   755  0070                     ??_WDT_Initialize:	
   756                           ; 1 bytes @ 0x0
   757                           
   758  0070                     ?_SYSTEM_Initialize:	
   759                           ; 1 bytes @ 0x0
   760                           
   761  0070                     ??_SYSTEM_Initialize:	
   762                           ; 1 bytes @ 0x0
   763                           
   764  0070                     ?_main:	
   765                           ; 1 bytes @ 0x0
   766                           
   767  0070                     ??_main:	
   768                           ; 1 bytes @ 0x0
   769                           
   770                           
   771                           ; 1 bytes @ 0x0
   772  0070                     	ds	2
   773                           
   774                           	psect	maintext
   775  07E2                     __pmaintext:	
   776 ;;
   777 ;;Main: autosize = 0, tempsize = 2, incstack = 0, save=0
   778 ;;
   779 ;; *************** function _main *****************
   780 ;; Defined at:
   781 ;;		line 7 in file "main.c"
   782 ;; Parameters:    Size  Location     Type
   783 ;;		None
   784 ;; Auto vars:     Size  Location     Type
   785 ;;		None
   786 ;; Return value:  Size  Location     Type
   787 ;;                  1    wreg      void 
   788 ;; Registers used:
   789 ;;		wreg, status,2, status,0, pclath, cstack
   790 ;; Tracked objects:
   791 ;;		On entry : B1F/0
   792 ;;		On exit  : 0/0
   793 ;;		Unchanged: 0/0
   794 ;; Data sizes:     COMMON   BANK0   BANK1   BANK2   BANK3   BANK4   BANK5   BANK6   BANK7   BANK8   BANK9  BANK10  BANK1
      +1  BANK12
   795 ;;      Params:         0       0       0       0       0       0       0       0       0       0       0       0       
      +0       0
   796 ;;      Locals:         0       0       0       0       0       0       0       0       0       0       0       0       
      +0       0
   797 ;;      Temps:          2       0       0       0       0       0       0       0       0       0       0       0       
      +0       0
   798 ;;      Totals:         2       0       0       0       0       0       0       0       0       0       0       0       
      +0       0
   799 ;;Total ram usage:        2 bytes
   800 ;; Hardware stack levels required when called:    2
   801 ;; This function calls:
   802 ;;		_SYSTEM_Initialize
   803 ;; This function is called by:
   804 ;;		Startup code after reset
   805 ;; This function uses a non-reentrant model
   806 ;;
   807                           
   808                           
   809                           ;psect for function _main
   810  07E2                     _main:	
   811                           
   812                           ;main.c: 10:     SYSTEM_Initialize();
   813                           
   814                           ;incstack = 0
   815                           ; Regs used in _main: [wreg+status,2+status,0+pclath+cstack]
   816  07E2  3187  27B4  3187   	fcall	_SYSTEM_Initialize
   817  07E5                     l714:	
   818  07E5  1003               	clrc
   819  07E6  0022               	movlb	2	; select bank2
   820  07E7  1F8D               	btfss	13,7	;volatile
   821  07E8  1403               	setc
   822  07E9  1C03               	btfss	3,0
   823  07EA  2FEE               	goto	u20
   824  07EB  0022               	movlb	2	; select bank2
   825  07EC  178D               	bsf	13,7	;volatile
   826  07ED  2FF0               	goto	l716
   827  07EE                     u20:	
   828  07EE  0022               	movlb	2	; select bank2
   829  07EF  138D               	bcf	13,7	;volatile
   830  07F0                     l716:	
   831                           
   832                           ;main.c: 15:         _delay((unsigned long)((200)*(32000000/4000.0)));
   833  07F0  3009               	movlw	9
   834  07F1  00F1               	movwf	??_main+1
   835  07F2  301E               	movlw	30
   836  07F3  00F0               	movwf	??_main
   837  07F4  30E4               	movlw	228
   838  07F5                     u47:	
   839  07F5  0B89               	decfsz	9,f
   840  07F6  2FF5               	goto	u47
   841  07F7  0BF0               	decfsz	??_main,f
   842  07F8  2FF5               	goto	u47
   843  07F9  0BF1               	decfsz	??_main+1,f
   844  07FA  2FF5               	goto	u47
   845  07FB  3200               	nop2
   846  07FC  2FE5               	goto	l714
   847  07FD                     __end_of_main:	
   848                           
   849                           	psect	text1
   850  07B4                     __ptext1:	
   851 ;; *************** function _SYSTEM_Initialize *****************
   852 ;; Defined at:
   853 ;;		line 50 in file "mcc_generated_files/mcc.c"
   854 ;; Parameters:    Size  Location     Type
   855 ;;		None
   856 ;; Auto vars:     Size  Location     Type
   857 ;;		None
   858 ;; Return value:  Size  Location     Type
   859 ;;                  1    wreg      void 
   860 ;; Registers used:
   861 ;;		wreg, status,2, status,0, pclath, cstack
   862 ;; Tracked objects:
   863 ;;		On entry : 0/0
   864 ;;		On exit  : 0/0
   865 ;;		Unchanged: 0/0
   866 ;; Data sizes:     COMMON   BANK0   BANK1   BANK2   BANK3   BANK4   BANK5   BANK6   BANK7   BANK8   BANK9  BANK10  BANK1
      +1  BANK12
   867 ;;      Params:         0       0       0       0       0       0       0       0       0       0       0       0       
      +0       0
   868 ;;      Locals:         0       0       0       0       0       0       0       0       0       0       0       0       
      +0       0
   869 ;;      Temps:          0       0       0       0       0       0       0       0       0       0       0       0       
      +0       0
   870 ;;      Totals:         0       0       0       0       0       0       0       0       0       0       0       0       
      +0       0
   871 ;;Total ram usage:        0 bytes
   872 ;; Hardware stack levels used:    1
   873 ;; Hardware stack levels required when called:    1
   874 ;; This function calls:
   875 ;;		_OSCILLATOR_Initialize
   876 ;;		_PIN_MANAGER_Initialize
   877 ;;		_WDT_Initialize
   878 ;; This function is called by:
   879 ;;		_main
   880 ;; This function uses a non-reentrant model
   881 ;;
   882                           
   883                           
   884                           ;psect for function _SYSTEM_Initialize
   885  07B4                     _SYSTEM_Initialize:	
   886                           
   887                           ;mcc_generated_files/mcc.c: 53:     PIN_MANAGER_Initialize();
   888                           
   889                           ;incstack = 0
   890                           ; Regs used in _SYSTEM_Initialize: [wreg+status,2+status,0+pclath+cstack]
   891  07B4  3187  27C7  3187   	fcall	_PIN_MANAGER_Initialize
   892                           
   893                           ;mcc_generated_files/mcc.c: 54:     OSCILLATOR_Initialize();
   894  07B7  3187  27BD  3187   	fcall	_OSCILLATOR_Initialize
   895                           
   896                           ;mcc_generated_files/mcc.c: 55:     WDT_Initialize();
   897  07BA  3187  27B0         	fcall	_WDT_Initialize
   898  07BC  0008               	return
   899  07BD                     __end_of_SYSTEM_Initialize:	
   900                           
   901                           	psect	text2
   902  07B0                     __ptext2:	
   903 ;; *************** function _WDT_Initialize *****************
   904 ;; Defined at:
   905 ;;		line 72 in file "mcc_generated_files/mcc.c"
   906 ;; Parameters:    Size  Location     Type
   907 ;;		None
   908 ;; Auto vars:     Size  Location     Type
   909 ;;		None
   910 ;; Return value:  Size  Location     Type
   911 ;;                  1    wreg      void 
   912 ;; Registers used:
   913 ;;		wreg
   914 ;; Tracked objects:
   915 ;;		On entry : 0/0
   916 ;;		On exit  : 0/0
   917 ;;		Unchanged: 0/0
   918 ;; Data sizes:     COMMON   BANK0   BANK1   BANK2   BANK3   BANK4   BANK5   BANK6   BANK7   BANK8   BANK9  BANK10  BANK1
      +1  BANK12
   919 ;;      Params:         0       0       0       0       0       0       0       0       0       0       0       0       
      +0       0
   920 ;;      Locals:         0       0       0       0       0       0       0       0       0       0       0       0       
      +0       0
   921 ;;      Temps:          0       0       0       0       0       0       0       0       0       0       0       0       
      +0       0
   922 ;;      Totals:         0       0       0       0       0       0       0       0       0       0       0       0       
      +0       0
   923 ;;Total ram usage:        0 bytes
   924 ;; Hardware stack levels used:    1
   925 ;; This function calls:
   926 ;;		Nothing
   927 ;; This function is called by:
   928 ;;		_SYSTEM_Initialize
   929 ;; This function uses a non-reentrant model
   930 ;;
   931                           
   932                           
   933                           ;psect for function _WDT_Initialize
   934  07B0                     _WDT_Initialize:	
   935                           
   936                           ;mcc_generated_files/mcc.c: 75:     WDTCON = 0x16;
   937                           
   938                           ;incstack = 0
   939                           ; Regs used in _WDT_Initialize: [wreg]
   940  07B0  3016               	movlw	22
   941  07B1  0021               	movlb	1	; select bank1
   942  07B2  0097               	movwf	23	;volatile
   943  07B3  0008               	return
   944  07B4                     __end_of_WDT_Initialize:	
   945                           
   946                           	psect	text3
   947  07C7                     __ptext3:	
   948 ;; *************** function _PIN_MANAGER_Initialize *****************
   949 ;; Defined at:
   950 ;;		line 55 in file "mcc_generated_files/pin_manager.c"
   951 ;; Parameters:    Size  Location     Type
   952 ;;		None
   953 ;; Auto vars:     Size  Location     Type
   954 ;;		None
   955 ;; Return value:  Size  Location     Type
   956 ;;                  1    wreg      void 
   957 ;; Registers used:
   958 ;;		wreg, status,2
   959 ;; Tracked objects:
   960 ;;		On entry : 0/0
   961 ;;		On exit  : 0/0
   962 ;;		Unchanged: 0/0
   963 ;; Data sizes:     COMMON   BANK0   BANK1   BANK2   BANK3   BANK4   BANK5   BANK6   BANK7   BANK8   BANK9  BANK10  BANK1
      +1  BANK12
   964 ;;      Params:         0       0       0       0       0       0       0       0       0       0       0       0       
      +0       0
   965 ;;      Locals:         0       0       0       0       0       0       0       0       0       0       0       0       
      +0       0
   966 ;;      Temps:          0       0       0       0       0       0       0       0       0       0       0       0       
      +0       0
   967 ;;      Totals:         0       0       0       0       0       0       0       0       0       0       0       0       
      +0       0
   968 ;;Total ram usage:        0 bytes
   969 ;; Hardware stack levels used:    1
   970 ;; This function calls:
   971 ;;		Nothing
   972 ;; This function is called by:
   973 ;;		_SYSTEM_Initialize
   974 ;; This function uses a non-reentrant model
   975 ;;
   976                           
   977                           
   978                           ;psect for function _PIN_MANAGER_Initialize
   979  07C7                     _PIN_MANAGER_Initialize:	
   980                           
   981                           ;mcc_generated_files/pin_manager.c: 60:     LATE = 0x00;
   982                           
   983                           ;incstack = 0
   984                           ; Regs used in _PIN_MANAGER_Initialize: [wreg+status,2]
   985  07C7  0022               	movlb	2	; select bank2
   986  07C8  0190               	clrf	16	;volatile
   987                           
   988                           ;mcc_generated_files/pin_manager.c: 61:     LATA = 0x00;
   989  07C9  018C               	clrf	12	;volatile
   990                           
   991                           ;mcc_generated_files/pin_manager.c: 62:     LATB = 0x00;
   992  07CA  018D               	clrf	13	;volatile
   993                           
   994                           ;mcc_generated_files/pin_manager.c: 63:     LATC = 0x00;
   995  07CB  018E               	clrf	14	;volatile
   996                           
   997                           ;mcc_generated_files/pin_manager.c: 68:     TRISE = 0x08;
   998  07CC  3008               	movlw	8
   999  07CD  0021               	movlb	1	; select bank1
  1000  07CE  0090               	movwf	16	;volatile
  1001                           
  1002                           ;mcc_generated_files/pin_manager.c: 69:     TRISA = 0xFF;
  1003  07CF  30FF               	movlw	255
  1004  07D0  008C               	movwf	12	;volatile
  1005                           
  1006                           ;mcc_generated_files/pin_manager.c: 70:     TRISB = 0x7F;
  1007  07D1  307F               	movlw	127
  1008  07D2  008D               	movwf	13	;volatile
  1009                           
  1010                           ;mcc_generated_files/pin_manager.c: 71:     TRISC = 0xFF;
  1011  07D3  30FF               	movlw	255
  1012  07D4  008E               	movwf	14	;volatile
  1013                           
  1014                           ;mcc_generated_files/pin_manager.c: 76:     ANSELB = 0x3F;
  1015  07D5  303F               	movlw	63
  1016  07D6  0023               	movlb	3	; select bank3
  1017  07D7  008D               	movwf	13	;volatile
  1018                           
  1019                           ;mcc_generated_files/pin_manager.c: 77:     ANSELA = 0x3F;
  1020  07D8  303F               	movlw	63
  1021  07D9  008C               	movwf	12	;volatile
  1022                           
  1023                           ;mcc_generated_files/pin_manager.c: 82:     WPUE = 0x00;
  1024  07DA  0024               	movlb	4	; select bank4
  1025  07DB  0190               	clrf	16	;volatile
  1026                           
  1027                           ;mcc_generated_files/pin_manager.c: 83:     WPUB = 0x00;
  1028  07DC  018D               	clrf	13	;volatile
  1029                           
  1030                           ;mcc_generated_files/pin_manager.c: 84:     OPTION_REGbits.nWPUEN = 1;
  1031  07DD  0021               	movlb	1	; select bank1
  1032  07DE  1795               	bsf	21,7	;volatile
  1033                           
  1034                           ;mcc_generated_files/pin_manager.c: 90:     APFCON = 0x00;
  1035  07DF  0022               	movlb	2	; select bank2
  1036  07E0  019D               	clrf	29	;volatile
  1037  07E1  0008               	return
  1038  07E2                     __end_of_PIN_MANAGER_Initialize:	
  1039                           
  1040                           	psect	text4
  1041  07BD                     __ptext4:	
  1042 ;; *************** function _OSCILLATOR_Initialize *****************
  1043 ;; Defined at:
  1044 ;;		line 58 in file "mcc_generated_files/mcc.c"
  1045 ;; Parameters:    Size  Location     Type
  1046 ;;		None
  1047 ;; Auto vars:     Size  Location     Type
  1048 ;;		None
  1049 ;; Return value:  Size  Location     Type
  1050 ;;                  1    wreg      void 
  1051 ;; Registers used:
  1052 ;;		wreg, status,2
  1053 ;; Tracked objects:
  1054 ;;		On entry : 0/0
  1055 ;;		On exit  : 0/0
  1056 ;;		Unchanged: 0/0
  1057 ;; Data sizes:     COMMON   BANK0   BANK1   BANK2   BANK3   BANK4   BANK5   BANK6   BANK7   BANK8   BANK9  BANK10  BANK1
      +1  BANK12
  1058 ;;      Params:         0       0       0       0       0       0       0       0       0       0       0       0       
      +0       0
  1059 ;;      Locals:         0       0       0       0       0       0       0       0       0       0       0       0       
      +0       0
  1060 ;;      Temps:          0       0       0       0       0       0       0       0       0       0       0       0       
      +0       0
  1061 ;;      Totals:         0       0       0       0       0       0       0       0       0       0       0       0       
      +0       0
  1062 ;;Total ram usage:        0 bytes
  1063 ;; Hardware stack levels used:    1
  1064 ;; This function calls:
  1065 ;;		Nothing
  1066 ;; This function is called by:
  1067 ;;		_SYSTEM_Initialize
  1068 ;; This function uses a non-reentrant model
  1069 ;;
  1070                           
  1071                           
  1072                           ;psect for function _OSCILLATOR_Initialize
  1073  07BD                     _OSCILLATOR_Initialize:	
  1074                           
  1075                           ;mcc_generated_files/mcc.c: 61:     OSCCON = 0x70;
  1076                           
  1077                           ;incstack = 0
  1078                           ; Regs used in _OSCILLATOR_Initialize: [wreg+status,2]
  1079  07BD  3070               	movlw	112
  1080  07BE  0021               	movlb	1	; select bank1
  1081  07BF  0099               	movwf	25	;volatile
  1082                           
  1083                           ;mcc_generated_files/mcc.c: 63:     OSCTUNE = 0x00;
  1084  07C0  0198               	clrf	24	;volatile
  1085                           
  1086                           ;mcc_generated_files/mcc.c: 65:     BORCON = 0x00;
  1087  07C1  0022               	movlb	2	; select bank2
  1088  07C2  0196               	clrf	22	;volatile
  1089  07C3                     l22:	
  1090                           ;mcc_generated_files/mcc.c: 68:     {;mcc_generated_files/mcc.c: 69:     }
  1091                           
  1092                           
  1093                           ;mcc_generated_files/mcc.c: 67:     while(PLLR == 0)
  1094  07C3  0021               	movlb	1	; select bank1
  1095  07C4  1B1A               	btfsc	26,6	;volatile
  1096  07C5  0008               	return
  1097  07C6  2FC3               	goto	l22
  1098  07C7                     __end_of_OSCILLATOR_Initialize:	
  1099  007E                     btemp	set	126	;btemp
  1100  007E                     wtemp0	set	126


Data Sizes:
    Strings     0
    Constant    0
    Data        0
    BSS         0
    Persistent  32
    Stack       0

Auto Spaces:
    Space          Size  Autos    Used
    COMMON           14      2       2
    BANK0            80      0       0
    BANK1            80      0       0
    BANK2            80      0       0
    BANK3            80      0       0
    BANK4            80      0       0
    BANK5            80      0       0
    BANK6            80      0       0
    BANK7            80      0       0
    BANK8            80      0       0
    BANK9            80      0       0
    BANK10           80      0       0
    BANK11           80      0       0
    BANK12           48      0       0

Pointer List with Targets:

    None.

Critical Paths under _main in COMMON

    None.

Critical Paths under _main in BANK0

    None.

Critical Paths under _main in BANK1

    None.

Critical Paths under _main in BANK2

    None.

Critical Paths under _main in BANK3

    None.

Critical Paths under _main in BANK4

    None.

Critical Paths under _main in BANK5

    None.

Critical Paths under _main in BANK6

    None.

Critical Paths under _main in BANK7

    None.

Critical Paths under _main in BANK8

    None.

Critical Paths under _main in BANK9

    None.

Critical Paths under _main in BANK10

    None.

Critical Paths under _main in BANK11

    None.

Critical Paths under _main in BANK12

    None.

Call Graph Tables:

 ---------------------------------------------------------------------------------
 (Depth) Function   	        Calls       Base Space   Used Autos Params    Refs
 ---------------------------------------------------------------------------------
 (0) _main                                                 2     2      0       0
                                              0 COMMON     2     2      0
                  _SYSTEM_Initialize
 ---------------------------------------------------------------------------------
 (1) _SYSTEM_Initialize                                    0     0      0       0
              _OSCILLATOR_Initialize
             _PIN_MANAGER_Initialize
                     _WDT_Initialize
 ---------------------------------------------------------------------------------
 (2) _WDT_Initialize                                       0     0      0       0
 ---------------------------------------------------------------------------------
 (2) _PIN_MANAGER_Initialize                               0     0      0       0
 ---------------------------------------------------------------------------------
 (2) _OSCILLATOR_Initialize                                0     0      0       0
 ---------------------------------------------------------------------------------
 Estimated maximum stack depth 2
 ---------------------------------------------------------------------------------

 Call Graph Graphs:

 _main (ROOT)
   _SYSTEM_Initialize
     _OSCILLATOR_Initialize
     _PIN_MANAGER_Initialize
     _WDT_Initialize

 Address spaces:
Name               Size   Autos  Total    Cost      Usage
BIGRAM             3F0      0       0       0        0.0%
EEDATA             100      0       0       0        0.0%
NULL                 0      0       0       0        0.0%
CODE                 0      0       0       0        0.0%
BITCOMMON            E      0       0       1        0.0%
BITSFR0              0      0       0       1        0.0%
SFR0                 0      0       0       1        0.0%
COMMON               E      2       2       2       14.3%
BITSFR1              0      0       0       2        0.0%
SFR1                 0      0       0       2        0.0%
BITSFR2              0      0       0       3        0.0%
SFR2                 0      0       0       3        0.0%
STACK                0      0       0       3        0.0%
BITBANK0            50      0       0       4        0.0%
BITSFR3              0      0       0       4        0.0%
SFR3                 0      0       0       4        0.0%
BANK0               50      0       0       5        0.0%
BITSFR4              0      0       0       5        0.0%
SFR4                 0      0       0       5        0.0%
BITBANK1            50      0       0       6        0.0%
BITSFR5              0      0       0       6        0.0%
SFR5                 0      0       0       6        0.0%
BANK1               50      0       0       7        0.0%
BITSFR6              0      0       0       7        0.0%
SFR6                 0      0       0       7        0.0%
BITBANK2            50      0       0       8        0.0%
BITSFR7              0      0       0       8        0.0%
SFR7                 0      0       0       8        0.0%
BANK2               50      0       0       9        0.0%
BITSFR8              0      0       0       9        0.0%
SFR8                 0      0       0       9        0.0%
BITBANK3            50      0       0      10        0.0%
BITSFR9              0      0       0      10        0.0%
SFR9                 0      0       0      10        0.0%
BANK3               50      0       0      11        0.0%
BITSFR10             0      0       0      11        0.0%
SFR10                0      0       0      11        0.0%
BITBANK4            50      0       0      12        0.0%
BITSFR11             0      0       0      12        0.0%
SFR11                0      0       0      12        0.0%
BANK4               50      0       0      13        0.0%
BITSFR12             0      0       0      13        0.0%
SFR12                0      0       0      13        0.0%
BITBANK5            50      0       0      14        0.0%
BITSFR13             0      0       0      14        0.0%
SFR13                0      0       0      14        0.0%
BANK5               50      0       0      15        0.0%
BITSFR14             0      0       0      15        0.0%
SFR14                0      0       0      15        0.0%
BITBANK6            50      0       0      16        0.0%
BITSFR15             0      0       0      16        0.0%
SFR15                0      0       0      16        0.0%
BANK6               50      0       0      17        0.0%
BITSFR16             0      0       0      17        0.0%
SFR16                0      0       0      17        0.0%
BITBANK7            50      0       0      18        0.0%
BITSFR17             0      0       0      18        0.0%
SFR17                0      0       0      18        0.0%
BANK7               50      0       0      19        0.0%
BITSFR18             0      0       0      19        0.0%
SFR18                0      0       0      19        0.0%
BITSFR19             0      0       0      20        0.0%
SFR19                0      0       0      20        0.0%
ABS                  0      0       0      20        0.0%
BITBANK8            50      0       0      21        0.0%
BITSFR20             0      0       0      21        0.0%
SFR20                0      0       0      21        0.0%
BANK8               50      0       0      22        0.0%
BITSFR21             0      0       0      22        0.0%
SFR21                0      0       0      22        0.0%
BITBANK9            50      0       0      23        0.0%
BITSFR22             0      0       0      23        0.0%
SFR22                0      0       0      23        0.0%
BANK9               50      0       0      24        0.0%
BITSFR23             0      0       0      24        0.0%
SFR23                0      0       0      24        0.0%
BITBANK10           50      0       0      25        0.0%
BITSFR24             0      0       0      25        0.0%
SFR24                0      0       0      25        0.0%
BANK10              50      0       0      26        0.0%
BITSFR25             0      0       0      26        0.0%
SFR25                0      0       0      26        0.0%
BITBANK11           50      0       0      27        0.0%
BITSFR26             0      0       0      27        0.0%
SFR26                0      0       0      27        0.0%
BANK11              50      0       0      28        0.0%
BITSFR27             0      0       0      28        0.0%
SFR27                0      0       0      28        0.0%
BITBANK12           30      0       0      29        0.0%
BITSFR28             0      0       0      29        0.0%
SFR28                0      0       0      29        0.0%
BANK12              30      0       0      30        0.0%
BITSFR29             0      0       0      30        0.0%
SFR29                0      0       0      30        0.0%
BITSFR30             0      0       0      31        0.0%
SFR30                0      0       0      31        0.0%
DATA                 0      0       0      31        0.0%
BITSFR31             0      0       0      32        0.0%
SFR31                0      0       0      32        0.0%


Microchip Technology PIC Macro Assembler V2.05 build -831301201 
Symbol Table                                                                                   Tue Sep 08 17:54:47 2020

                    __CFG_CP$OFF 0000                               l22 07C3                               u20 07EE  
                             u47 07F5                      __CFG_LVP$ON 0000                              l714 07E5  
                            l716 07F0                     __CFG_CPD$OFF 0000                     __CFG_BORV$LO 0000  
                            wreg 0009                     __CFG_IESO$ON 0000                             _LATA 010C  
                           _LATB 010D                             _LATC 010E                             _LATE 0110  
                           _PLLR 04D6                             _WPUB 020D                             _WPUE 0210  
                   __CFG_WRT$OFF 0000                    __CFG_FCMEN$ON 0000                             _main 07E2  
                           btemp 007E                    __CFG_BOREN$ON 0000                             start 0002  
                  __CFG_MCLRE$ON 0000                    __CFG_PLLEN$ON 0000   __size_of_OSCILLATOR_Initialize 000A  
  __end_of_OSCILLATOR_Initialize 07C7                            ?_main 0070                    __CFG_WDTE$OFF 0000  
                          _TRISA 008C                            _TRISB 008D                            _TRISC 008E  
                          _TRISE 0090                   _WDT_Initialize 07B0                            status 0003  
                          wtemp0 007E                  __initialization 07FD                     __end_of_main 07FD  
                         ??_main 0070           __end_of_WDT_Initialize 07B4                           _APFCON 011D  
                         _ANSELA 018C                           _ANSELB 018D                           _BORCON 0116  
                         _OSCCON 0099                           _WDTCON 0097                   __CFG_PWRTE$OFF 0000  
                 __CFG_STVREN$ON 0000                  ?_WDT_Initialize 0070                _SYSTEM_Initialize 07B4  
        __end_of__initialization 07FD               ?_SYSTEM_Initialize 0070                   __pcstackCOMMON 0070  
            ??_SYSTEM_Initialize 0070                   _OPTION_REGbits 0095        __end_of_SYSTEM_Initialize 07BD  
                __CFG_VCAPEN$OFF 0000                       __pmaintext 07E2                          _OSCTUNE 0098  
                        __ptext1 07B4                          __ptext2 07B0                          __ptext3 07C7  
                        __ptext4 07BD            _OSCILLATOR_Initialize 07BD         ??_PIN_MANAGER_Initialize 0070  
     __size_of_SYSTEM_Initialize 0009             end_of_initialization 07FD                 ??_WDT_Initialize 0070  
               __CFG_FOSC$INTOSC 0000           ?_OSCILLATOR_Initialize 0070              start_initialization 07FD  
__size_of_PIN_MANAGER_Initialize 001B                        ___latbits 0003           _PIN_MANAGER_Initialize 07C7  
                       _LATBbits 010D          ??_OSCILLATOR_Initialize 0070                    __size_of_main 001B  
        __size_of_WDT_Initialize 0004          ?_PIN_MANAGER_Initialize 0070                __CFG_CLKOUTEN$OFF 0000  
 __end_of_PIN_MANAGER_Initialize 07E2  
